app/build/intermediates/manifest_merge_blame_file/release/manifest-merger-blame-release-report.txt
1<?xml version="1.0" encoding="utf-8"?>
2<manifest xmlns:android="http://schemas.android.com/apk/res/android"
3    package="com.example.livecamerafootagekotlin"
4    android:versionCode="1"
5    android:versionName="1.0" >
6
7    <uses-sdk
8        android:minSdkVersion="21"
8-->src/main/AndroidManifest.xml
9        android:targetSdkVersion="30" />
9-->src/main/AndroidManifest.xml
10
11    <uses-permission android:name="android.permission.CAMERA" />
11-->src/main/AndroidManifest.xml:4:5-65
11-->src/main/AndroidManifest.xml:4:22-62
12    <uses-permission android:name="android.permission.INTERNET" />
12-->src/main/AndroidManifest.xml:5:5-67
12-->src/main/AndroidManifest.xml:5:22-64
13
14    <uses-feature android:name="android.hardware.camera" />
14-->src/main/AndroidManifest.xml:7:5-60
14-->src/main/AndroidManifest.xml:7:19-57
15    <uses-feature android:name="android.hardware.camera.autofocus" />
15-->src/main/AndroidManifest.xml:8:5-70
15-->src/main/AndroidManifest.xml:8:19-67
16
17    <queries>
17-->src/main/AndroidManifest.xml:10:5-14:15
18        <intent>
18-->src/main/AndroidManifest.xml:11:9-13:18
19            <action android:name="android.intent.action.TTS_SERVICE" />
19-->src/main/AndroidManifest.xml:12:13-72
19-->src/main/AndroidManifest.xml:12:21-69
20        </intent>
21    </queries>
22
23    <supports-screens
23-->src/main/AndroidManifest.xml:16:5-18:67
24        android:largeScreens="true"
24-->src/main/AndroidManifest.xml:16:23-50
25        android:normalScreens="true"
25-->src/main/AndroidManifest.xml:17:9-37
26        android:smallScreens="true"
26-->src/main/AndroidManifest.xml:18:9-36
27        android:xlargeScreens="true" />
27-->src/main/AndroidManifest.xml:18:37-65
28
29    <application
29-->src/main/AndroidManifest.xml:19:5-42:19
30        android:allowBackup="true"
30-->src/main/AndroidManifest.xml:20:9-35
31        android:appComponentFactory="androidx.core.app.CoreComponentFactory"
31-->[androidx.core:core:1.3.2] AndroidManifest.xml:24:18-86
32        android:icon="@mipmap/ic_launcher"
32-->src/main/AndroidManifest.xml:22:9-43
33        android:label="@string/app_name"
33-->src/main/AndroidManifest.xml:23:9-41
34        android:networkSecurityConfig="@xml/network_security_config"
34-->src/main/AndroidManifest.xml:24:9-69
35        android:roundIcon="@mipmap/ic_launcher_round"
35-->src/main/AndroidManifest.xml:25:9-54
36        android:supportsRtl="true"
36-->src/main/AndroidManifest.xml:26:9-35
37        android:testOnly="false"
37-->src/main/AndroidManifest.xml:21:9-33
38        android:theme="@style/Theme.LiveCameraFootageKotlin" >
38-->src/main/AndroidManifest.xml:27:9-61
39        <activity
39-->src/main/AndroidManifest.xml:28:9-31:39
40            android:name="com.example.livecamerafootagekotlin.MainActivity"
40-->src/main/AndroidManifest.xml:29:13-41
41            android:exported="false"
41-->src/main/AndroidManifest.xml:31:13-37
42            android:theme="@style/Theme.AppCompat.Light.NoActionBar" />
42-->src/main/AndroidManifest.xml:30:13-69
43        <activity
43-->src/main/AndroidManifest.xml:32:9-41:20
44            android:name="com.example.livecamerafootagekotlin.SplashScreenActivity"
44-->src/main/AndroidManifest.xml:33:13-49
45            android:exported="true"
45-->src/main/AndroidManifest.xml:35:13-36
46            android:theme="@style/Theme.AppCompat.Light.NoActionBar" >
46-->src/main/AndroidManifest.xml:34:13-69
47            <intent-filter>
47-->src/main/AndroidManifest.xml:36:13-40:29
48                <action android:name="android.intent.action.MAIN" />
48-->src/main/AndroidManifest.xml:37:17-69
48-->src/main/AndroidManifest.xml:37:25-66
49
50                <category android:name="android.intent.category.LAUNCHER" />
50-->src/main/AndroidManifest.xml:39:17-77
50-->src/main/AndroidManifest.xml:39:27-74
51            </intent-filter>
52        </activity>
53    </application>
54
55</manifest>